<?xml version="1.0" encoding="UTF-8"?>
<!-- Generated by org.testng.reporters.JUnitXMLReporter -->
<testsuite ignored="0" hostname="DESKTOP-VA2SL4O" failures="0" tests="4" name="Default test" time="0.066" errors="0" timestamp="2023-06-29T13:40:28 IST">
  <testcase classname="TestNG.testng" name="add" time="0.009"/>
  <testcase classname="TestNG.testng" name="div" time="0.002"/>
  <testcase classname="TestNG.testng" name="mul" time="0.002"/>
  <testcase classname="TestNG.testng" name="sub" time="0.001"/>
</testsuite> <!-- Default test -->
