<?xml version="1.0" encoding="UTF-8"?>
<testng-results ignored="0" total="1" passed="1" failed="0" skipped="0">
  <reporter-output>
  </reporter-output>
  <suite started-at="2023-07-03T07:07:38Z" name="Default suite" finished-at="2023-07-03T07:07:39Z" duration-ms="1202">
    <groups>
    </groups>
    <test started-at="2023-07-03T07:07:38Z" name="Default test" finished-at="2023-07-03T07:07:39Z" duration-ms="1202">
      <class name="Admin_users.Delete_Users">
        <test-method signature="delete_todos_id()[pri:0, instance:Admin_users.Delete_Users@455b6df1]" started-at="2023-07-03T07:07:38Z" name="delete_todos_id" finished-at="2023-07-03T07:07:39Z" duration-ms="1182" status="PASS">
          <reporter-output>
          </reporter-output>
        </test-method> <!-- delete_todos_id -->
      </class> <!-- Admin_users.Delete_Users -->
    </test> <!-- Default test -->
  </suite> <!-- Default suite -->
</testng-results>
