<?xml version="1.0" encoding="UTF-8"?>
<testng-results ignored="0" total="1" passed="1" failed="0" skipped="0">
  <reporter-output>
  </reporter-output>
  <suite started-at="2023-07-11T14:39:18 IST" name="Default suite" finished-at="2023-07-11T14:39:32 IST" duration-ms="14250">
    <groups>
    </groups>
    <test started-at="2023-07-11T14:39:18 IST" name="Default test" finished-at="2023-07-11T14:39:32 IST" duration-ms="14250">
      <class name="TESTNG.amazon">
        <test-method signature="demo()[pri:0, instance:TESTNG.amazon@4b0d79fc]" started-at="2023-07-11T14:39:18 IST" name="demo" finished-at="2023-07-11T14:39:32 IST" duration-ms="14213" status="PASS">
          <reporter-output>
          </reporter-output>
        </test-method> <!-- demo -->
      </class> <!-- TESTNG.amazon -->
    </test> <!-- Default test -->
  </suite> <!-- Default suite -->
</testng-results>
