<?xml version="1.0" encoding="UTF-8"?>
<testng-results ignored="0" total="4" passed="4" failed="0" skipped="0">
  <reporter-output>
  </reporter-output>
  <suite started-at="2023-06-29T13:40:28 IST" name="Default suite" finished-at="2023-06-29T13:40:28 IST" duration-ms="66">
    <groups>
    </groups>
    <test started-at="2023-06-29T13:40:28 IST" name="Default test" finished-at="2023-06-29T13:40:28 IST" duration-ms="66">
      <class name="TestNG.testng">
        <test-method signature="add()[pri:0, instance:TestNG.testng@3646a422]" started-at="2023-06-29T13:40:28 IST" name="add" finished-at="2023-06-29T13:40:28 IST" duration-ms="9" status="PASS">
          <reporter-output>
          </reporter-output>
        </test-method> <!-- add -->
        <test-method signature="div()[pri:0, instance:TestNG.testng@3646a422]" started-at="2023-06-29T13:40:28 IST" name="div" finished-at="2023-06-29T13:40:28 IST" duration-ms="2" status="PASS">
          <reporter-output>
          </reporter-output>
        </test-method> <!-- div -->
        <test-method signature="mul()[pri:0, instance:TestNG.testng@3646a422]" started-at="2023-06-29T13:40:28 IST" name="mul" finished-at="2023-06-29T13:40:28 IST" duration-ms="2" status="PASS">
          <reporter-output>
          </reporter-output>
        </test-method> <!-- mul -->
        <test-method signature="sub()[pri:0, instance:TestNG.testng@3646a422]" started-at="2023-06-29T13:40:28 IST" name="sub" finished-at="2023-06-29T13:40:28 IST" duration-ms="1" status="PASS">
          <reporter-output>
          </reporter-output>
        </test-method> <!-- sub -->
      </class> <!-- TestNG.testng -->
    </test> <!-- Default test -->
  </suite> <!-- Default suite -->
</testng-results>
